[    0.000000] Initializing cgroup subsys cpuset
[    0.000000] Initializing cgroup subsys cpu
[    0.000000] Initializing cgroup subsys cpuacct
[    0.000000] Linux version 4.4.0-137-generic (buildd@lgw01-amd64-012) (gcc version 5.4.0 20160609 (Ubuntu 5.4.0-6ubuntu1~16.04.10) ) #163-Ubuntu SMP Mon Sep 24 13:23:40 UTC 2018 (Ubuntu 4.4.0-137.163-generic 4.4.144)
[    0.000000] KERNEL supported cpus:
[    0.000000]   Intel GenuineIntel
[    0.000000]   AMD AuthenticAMD
[    0.000000]   NSC Geode by NSC
[    0.000000]   Cyrix CyrixInstead
[    0.000000]   Centaur CentaurHauls
[    0.000000]   Transmeta GenuineTMx86
[    0.000000]   Transmeta TransmetaCPU
[    0.000000]   UMC UMC UMC UMC
[    0.000000] x86/fpu: xstate_offset[2]:  576, xstate_sizes[2]:  256
[    0.000000] x86/fpu: Supporting XSAVE feature 0x01: 'x87 floating point registers'
[    0.000000] x86/fpu: Supporting XSAVE feature 0x02: 'SSE registers'
[    0.000000] x86/fpu: Supporting XSAVE feature 0x04: 'AVX registers'
[    0.000000] x86/fpu: Enabled xstate features 0x7, context size is 832 bytes, using 'standard' format.
[    0.000000] e820: BIOS-provided physical RAM map:
[    0.000000] BIOS-e820: [mem 0x0000000000000000-0x000000000009fbff] usable
[    0.000000] BIOS-e820: [mem 0x000000000009fc00-0x000000000009ffff] reserved
[    0.000000] BIOS-e820: [mem 0x00000000000f0000-0x00000000000fffff] reserved
[    0.000000] BIOS-e820: [mem 0x0000000000100000-0x000000003ffeffff] usable
[    0.000000] BIOS-e820: [mem 0x000000003fff0000-0x000000003fffffff] ACPI data
[    0.000000] BIOS-e820: [mem 0x00000000fec00000-0x00000000fec00fff] reserved
[    0.000000] BIOS-e820: [mem 0x00000000fee00000-0x00000000fee00fff] reserved
[    0.000000] BIOS-e820: [mem 0x00000000fffc0000-0x00000000ffffffff] reserved
[    0.000000] NX (Execute Disable) protection: active
[    0.000000] SMBIOS 2.5 present.
[    0.000000] Hypervisor detected: KVM
[    0.000000] e820: last_pfn = 0x3fff0 max_arch_pfn = 0x1000000
[    0.000000] MTRR: Disabled
[    0.000000] x86/PAT: MTRRs disabled, skipping PAT initialization too.
[    0.000000] CPU MTRRs all blank - virtualized system.
[    0.000000] x86/PAT: Configuration [0-7]: WB  WT  UC- UC  WB  WT  UC- UC  
[    0.000000] found SMP MP-table at [mem 0x0009fff0-0x0009ffff] mapped at [c009fff0]
[    0.000000] Scanning 1 areas for low memory corruption
[    0.000000] RAMDISK: [mem 0x3631c000-0x37185fff]
[    0.000000] ACPI: Early table checksum verification disabled
[    0.000000] ACPI: RSDP 0x00000000000E0000 000024 (v02 VBOX  )
[    0.000000] ACPI: XSDT 0x000000003FFF0030 00003C (v01 VBOX   VBOXXSDT 00000001 ASL  00000061)
[    0.000000] ACPI: FACP 0x000000003FFF00F0 0000F4 (v04 VBOX   VBOXFACP 00000001 ASL  00000061)
[    0.000000] ACPI: DSDT 0x000000003FFF0470 0021FF (v02 VBOX   VBOXBIOS 00000002 INTL 20100528)
[    0.000000] ACPI: FACS 0x000000003FFF0200 000040
[    0.000000] ACPI: FACS 0x000000003FFF0200 000040
[    0.000000] ACPI: APIC 0x000000003FFF0240 000054 (v02 VBOX   VBOXAPIC 00000001 ASL  00000061)
[    0.000000] ACPI: SSDT 0x000000003FFF02A0 0001CC (v01 VBOX   VBOXCPUT 00000002 INTL 20100528)
[    0.000000] 131MB HIGHMEM available.
[    0.000000] 891MB LOWMEM available.
[    0.000000]   mapped low ram: 0 - 37bfe000
[    0.000000]   low ram: 0 - 37bfe000
[    0.000000] kvm-clock: Using msrs 4b564d01 and 4b564d00
[    0.000000] kvm-clock: cpu 0, msr 0:37bfd001, primary cpu clock
[    0.000000] kvm-clock: using sched offset of 17590401892 cycles
[    0.000000] clocksource: kvm-clock: mask: 0xffffffffffffffff max_cycles: 0x1cd42e4dffb, max_idle_ns: 881590591483 ns
[    0.000000] Zone ranges:
[    0.000000]   DMA      [mem 0x0000000000001000-0x0000000000ffffff]
[    0.000000]   Normal   [mem 0x0000000001000000-0x0000000037bfdfff]
[    0.000000]   HighMem  [mem 0x0000000037bfe000-0x000000003ffeffff]
[    0.000000] Movable zone start for each node
[    0.000000] Early memory node ranges
[    0.000000]   node   0: [mem 0x0000000000001000-0x000000000009efff]
[    0.000000]   node   0: [mem 0x0000000000100000-0x000000003ffeffff]
[    0.000000] Initmem setup node 0 [mem 0x0000000000001000-0x000000003ffeffff]
[    0.000000] Using APIC driver default
[    0.000000] ACPI: PM-Timer IO Port: 0x4008
[    0.000000] IOAPIC[0]: apic_id 1, version 32, address 0xfec00000, GSI 0-23
[    0.000000] ACPI: INT_SRC_OVR (bus 0 bus_irq 0 global_irq 2 dfl dfl)
[    0.000000] ACPI: INT_SRC_OVR (bus 0 bus_irq 9 global_irq 9 low level)
[    0.000000] Using ACPI (MADT) for SMP configuration information
[    0.000000] smpboot: Allowing 1 CPUs, 0 hotplug CPUs
[    0.000000] PM: Registered nosave memory: [mem 0x00000000-0x00000fff]
[    0.000000] PM: Registered nosave memory: [mem 0x0009f000-0x0009ffff]
[    0.000000] PM: Registered nosave memory: [mem 0x000a0000-0x000effff]
[    0.000000] PM: Registered nosave memory: [mem 0x000f0000-0x000fffff]
[    0.000000] e820: [mem 0x40000000-0xfebfffff] available for PCI devices
[    0.000000] Booting paravirtualized kernel on KVM
[    0.000000] clocksource: refined-jiffies: mask: 0xffffffff max_cycles: 0xffffffff, max_idle_ns: 7645519600211568 ns
[    0.000000] setup_percpu: NR_CPUS:8 nr_cpumask_bits:8 nr_cpu_ids:1 nr_node_ids:1
[    0.000000] PERCPU: Embedded 19 pages/cpu @f71c3000 s47436 r0 d30388 u77824
[    0.000000] PV qspinlock hash table entries: 512 (order: 0, 4096 bytes)
[    0.000000] Built 1 zonelists in Zone order, mobility grouping on.  Total pages: 259800
[    0.000000] Kernel command line: BOOT_IMAGE=/boot/vmlinuz-4.4.0-137-generic root=UUID=1fcf1ded-2dc3-40a5-a562-f1e6dbe028b1 ro console=tty1 console=ttyS0
[    0.000000] PID hash table entries: 4096 (order: 2, 16384 bytes)
[    0.000000] Dentry cache hash table entries: 131072 (order: 7, 524288 bytes)
[    0.000000] Inode-cache hash table entries: 65536 (order: 6, 262144 bytes)
[    0.000000] Initializing CPU#0
[    0.000000] Initializing HighMem for node 0 (00037bfe:0003fff0)
[    0.000000] Initializing Movable for node 0 (00000000:00000000)
[    0.000000] Memory: 1008128K/1048120K available (8041K kernel code, 782K rwdata, 3180K rodata, 952K init, 800K bss, 39992K reserved, 0K cma-reserved, 135112K highmem)
[    0.000000] virtual kernel memory layout:
[    0.000000]     fixmap  : 0xfff15000 - 0xfffff000   ( 936 kB)
[    0.000000]     pkmap   : 0xffc00000 - 0xffe00000   (2048 kB)
[    0.000000]     vmalloc : 0xf83fe000 - 0xffbfe000   ( 120 MB)
[    0.000000]     lowmem  : 0xc0000000 - 0xf7bfe000   ( 891 MB)
[    0.000000]       .init : 0xc1bbc000 - 0xc1caa000   ( 952 kB)
[    0.000000]       .data : 0xc17da7a8 - 0xc1bbaa00   (3968 kB)
[    0.000000]       .text : 0xc1000000 - 0xc17da7a8   (8041 kB)
[    0.000000] Checking if this processor honours the WP bit even in supervisor mode...Ok.
[    0.000000] SLUB: HWalign=64, Order=0-3, MinObjects=0, CPUs=1, Nodes=1
[    0.000000] Hierarchical RCU implementation.
[    0.000000] 	Build-time adjustment of leaf fanout to 32.
[    0.000000] 	RCU restricting CPUs from NR_CPUS=8 to nr_cpu_ids=1.
[    0.000000] RCU: Adjusting geometry for rcu_fanout_leaf=32, nr_cpu_ids=1
[    0.000000] NR_IRQS:2304 nr_irqs:256 16
[    0.000000] Console: colour VGA+ 80x25
[    0.000000] console [tty1] enabled
[    0.000000] console [ttyS0] enabled
[    0.000000] allocated 1048576 bytes of page_ext
[    0.000000] tsc: Detected 1795.922 MHz processor
[    5.234502] Calibrating delay loop (skipped) preset value.. 3591.84 BogoMIPS (lpj=7183688)
[    5.298190] pid_max: default: 32768 minimum: 301
[    5.331971] ACPI: Core revision 20150930
[    5.365014] ACPI: 2 ACPI AML tables successfully acquired and loaded
[    5.417509] Security Framework initialized
[    5.451318] Yama: becoming mindful.
[    5.483286] AppArmor: AppArmor initialized
[    5.517408] Mount-cache hash table entries: 2048 (order: 1, 8192 bytes)
[    5.566803] Mountpoint-cache hash table entries: 2048 (order: 1, 8192 bytes)
[    5.624996] Initializing cgroup subsys io
[    5.663132] Initializing cgroup subsys memory
[    5.701555] Initializing cgroup subsys devices
[    5.735982] Initializing cgroup subsys freezer
[    5.775541] Initializing cgroup subsys net_cls
[    5.811531] Initializing cgroup subsys perf_event
[    5.847381] Initializing cgroup subsys net_prio
[    5.882981] Initializing cgroup subsys hugetlb
[    5.920007] Initializing cgroup subsys pids
[    5.957325] mce: CPU supports 0 MCE banks
[    5.988909] process: using mwait in idle threads
[    6.024002] Last level iTLB entries: 4KB 512, 2MB 8, 4MB 8
[    6.062216] Last level dTLB entries: 4KB 512, 2MB 32, 4MB 32, 1GB 0
[    6.107097] Spectre V2 : Mitigation: Full generic retpoline
[    6.146167] Spectre V2 : Spectre v2 mitigation: Speculation control IBPB not-supported IBRS not-supported
[    6.204450] Spectre V2 : Spectre v2 / SpectreRSB mitigation: Filling RSB on context switch
[    6.273919] Speculative Store Bypass: Vulnerable
[    6.572650] Freeing SMP alternatives memory: 32K
[    6.784927] ftrace: allocating 31539 entries in 62 pages
[    7.601442] smpboot: APIC(0) Converting physical 0 to logical package 0
[    7.649575] smpboot: Max logical packages: 1
[    7.683241] Enabling APIC mode:  Flat.  Using 1 I/O APICs
[    7.776376] ..TIMER: vector=0x30 apic1=0 pin1=2 apic2=-1 pin2=-1
[    7.928898] smpboot: CPU0: Intel(R) Core(TM) i5-3337U CPU @ 1.80GHz (family: 0x6, model: 0x3a, stepping: 0x9)
[    8.007073] Performance Events: unsupported p6 CPU model 58 no PMU driver, software events only.
[    8.077180] KVM setup paravirtual spinlock
[    8.111720] x86: Booted up 1 node, 1 CPUs
[    8.141628] smpboot: Total of 1 processors activated (3591.84 BogoMIPS)
[    8.189744] devtmpfs: initialized
[    8.217089] evm: security.selinux
[    8.243778] evm: security.SMACK64
[    8.270636] evm: security.SMACK64EXEC
[    8.298790] evm: security.SMACK64TRANSMUTE
[    8.329483] evm: security.SMACK64MMAP
[    8.357773] evm: security.ima
[    8.382593] evm: security.capability
[    8.411280] clocksource: jiffies: mask: 0xffffffff max_cycles: 0xffffffff, max_idle_ns: 7645041785100000 ns
[    8.477146] futex hash table entries: 256 (order: 2, 16384 bytes)
[    8.517189] pinctrl core: initialized pinctrl subsystem
[    8.556416] RTC time: 19:18:35, date: 01/03/19
[    8.591662] NET: Registered protocol family 16
[    8.626859] EISA bus registered
[    8.654075] cpuidle: using governor ladder
[    8.688179] cpuidle: using governor menu
[    8.721742] PCCT header not found.
[    8.752355] ACPI: bus type PCI registered
[    8.788466] acpiphp: ACPI Hot Plug PCI Controller Driver version: 0.5
[    8.841357] PCI : PCI BIOS area is rw and x. Use pci=nobios if you want it NX.
[    8.903117] PCI: PCI BIOS revision 2.10 entry at 0xfda26, last bus=0
[    8.948840] PCI: Using configuration type 1 for base access
[    8.989348] ACPI: Added _OSI(Module Device)
[    9.020556] ACPI: Added _OSI(Processor Device)
[    9.053725] ACPI: Added _OSI(3.0 _SCP Extensions)
[    9.087796] ACPI: Added _OSI(Processor Aggregator Device)
[    9.133583] ACPI: Executed 1 blocks of module-level executable AML code
[    9.194969] ACPI: Interpreter enabled
[    9.224371] ACPI: (supports S0 S5)
[    9.251030] ACPI: Using IOAPIC for interrupt routing
[    9.290433] PCI: Using host bridge windows from ACPI; if necessary, use "pci=nocrs" and report a bug
[    9.748948] ACPI: PCI Root Bridge [PCI0] (domain 0000 [bus 00-ff])
[    9.794559] acpi PNP0A03:00: _OSC: OS supports [ASPM ClockPM Segments MSI]
[    9.842011] acpi PNP0A03:00: _OSC: not requesting OS control; OS requires [ExtendedConfig ASPM ClockPM MSI]
[    9.906721] acpi PNP0A03:00: fail to add MMCONFIG information, can't access extended PCI configuration space under this bridge.
[   10.000232] PCI host bridge to bus 0000:00
[   10.037421] pci_bus 0000:00: root bus resource [io  0x0000-0x0cf7 window]
[   10.085865] pci_bus 0000:00: root bus resource [io  0x0d00-0xffff window]
[   10.131735] pci_bus 0000:00: root bus resource [mem 0x000a0000-0x000bffff window]
[   10.192696] pci_bus 0000:00: root bus resource [mem 0x40000000-0xfdffffff window]
[   10.247522] pci_bus 0000:00: root bus resource [bus 00-ff]
[   10.347445] pci 0000:00:01.1: legacy IDE quirk: reg 0x10: [io  0x01f0-0x01f7]
[   10.404467] pci 0000:00:01.1: legacy IDE quirk: reg 0x14: [io  0x03f6]
[   10.451285] pci 0000:00:01.1: legacy IDE quirk: reg 0x18: [io  0x0170-0x0177]
[   10.501211] pci 0000:00:01.1: legacy IDE quirk: reg 0x1c: [io  0x0376]
[   10.780661] pci 0000:00:07.0: quirk: [io  0x4000-0x403f] claimed by PIIX4 ACPI
[   10.838388] pci 0000:00:07.0: quirk: [io  0x4100-0x410f] claimed by PIIX4 SMB
[   11.025515] ACPI: PCI Interrupt Link [LNKA] (IRQs 5 9 10 *11)
[   11.093008] ACPI: PCI Interrupt Link [LNKB] (IRQs 5 9 *10 11)
[   11.158614] ACPI: PCI Interrupt Link [LNKC] (IRQs 5 *9 10 11)
[   11.218976] ACPI: PCI Interrupt Link [LNKD] (IRQs 5 9 10 *11)
[   11.281951] ACPI: Enabled 2 GPEs in block 00 to 07
[   11.325962] vgaarb: setting as boot device: PCI:0000:00:02.0
[   11.364709] vgaarb: device added: PCI:0000:00:02.0,decodes=io+mem,owns=io+mem,locks=none
[   11.426490] vgaarb: loaded
[   11.451482] vgaarb: bridge control possible 0000:00:02.0
[   11.489860] SCSI subsystem initialized
[   11.521316] ACPI: bus type USB registered
[   11.551587] usbcore: registered new interface driver usbfs
[   11.591424] usbcore: registered new interface driver hub
[   11.629672] usbcore: registered new device driver usb
[   11.668169] PCI: Using ACPI for IRQ routing
[   11.709496] NetLabel: Initializing
[   11.735878] NetLabel:  domain hash size = 128
[   11.769407] NetLabel:  protocols = UNLABELED CIPSOv4
[   11.805025] NetLabel:  unlabeled traffic allowed by default
[   11.845639] amd_nb: Cannot enumerate AMD northbridges
[   11.887625] clocksource: Switched to clocksource kvm-clock
[   11.942671] AppArmor: AppArmor Filesystem Enabled
[   11.978249] pnp: PnP ACPI init
[   12.022644] pnp: PnP ACPI: found 3 devices
[   12.055491] PnPBIOS: Disabled by ACPI PNP
[   12.129216] clocksource: acpi_pm: mask: 0xffffff max_cycles: 0xffffff, max_idle_ns: 2085701024 ns
[   12.203978] NET: Registered protocol family 2
[   12.241477] TCP established hash table entries: 8192 (order: 3, 32768 bytes)
[   12.287360] TCP bind hash table entries: 8192 (order: 4, 65536 bytes)
[   12.332339] TCP: Hash tables configured (established 8192 bind 8192)
[   12.374802] UDP hash table entries: 512 (order: 2, 16384 bytes)
[   12.414437] UDP-Lite hash table entries: 512 (order: 2, 16384 bytes)
[   12.456273] NET: Registered protocol family 1
[   12.490119] pci 0000:00:00.0: Limiting direct PCI/PCI transfers
[   12.541494] pci 0000:00:01.0: Activating ISA DMA hang workarounds
[   12.589460] Unpacking initramfs...
[   13.118967] Freeing initrd memory: 14760K
[   13.159819] RAPL PMU detected, API unit is 2^-32 Joules, 3 fixed counters 10737418240 ms ovfl timer
[   13.235564] hw unit of domain pp0-core 2^-0 Joules
[   13.280479] hw unit of domain package 2^-0 Joules
[   13.321719] hw unit of domain pp1-gpu 2^-0 Joules
[   13.369760] platform rtc_cmos: registered platform RTC device (no PNP device found)
[   13.428234] Scanning for low memory corruption every 60 seconds
[   13.470016] audit: initializing netlink subsys (disabled)
[   13.510036] audit: type=2000 audit(1546543128.854:1): initialized
[   13.560771] Initialise system trusted keyring
[   13.603986] HugeTLB registered 2 MB page size, pre-allocated 0 pages
[   13.666934] zbud: loaded
[   13.696892] VFS: Disk quotas dquot_6.6.0
[   13.728471] VFS: Dquot-cache hash table entries: 1024 (order 0, 4096 bytes)
[   13.778068] squashfs: version 4.0 (2009/01/31) Phillip Lougher
[   13.826050] fuse init (API version 7.23)
[   13.861361] Key type big_key registered
[   13.900317] Allocating IMA MOK and blacklist keyrings.
[   13.948342] Key type asymmetric registered
[   13.983204] Asymmetric key parser 'x509' registered
[   14.023569] bounce: pool size: 64 pages
[   14.057940] Block layer SCSI generic (bsg) driver version 0.4 loaded (major 249)
[   14.119767] io scheduler noop registered
[   14.157242] io scheduler deadline registered (default)
[   14.198880] io scheduler cfq registered
[   14.237016] pci_hotplug: PCI Hot Plug PCI Core version: 0.5
[   14.284212] pciehp: PCI Express Hot Plug Controller Driver version: 0.4
[   14.329370] ACPI: AC Adapter [AC] (off-line)
[   14.367057] input: Power Button as /devices/LNXSYSTM:00/LNXPWRBN:00/input/input0
[   14.434852] ACPI: Power Button [PWRF]
[   14.465643] input: Sleep Button as /devices/LNXSYSTM:00/LNXSLPBN:00/input/input1
[   14.524673] ACPI: Sleep Button [SLPF]
[   14.560620] GHES: HEST is not enabled!
[   14.596810] ACPI: Battery Slot [BAT0] (battery present)
[   14.636197] Serial: 8250/16550 driver, 32 ports, IRQ sharing enabled
[   14.684466] isapnp: Scanning for PnP cards...
[   14.929863] 00:02: ttyS0 at I/O 0x3f8 (irq = 4, base_baud = 115200) is a 16550A
[   15.129750] Linux agpgart interface v0.103
[   15.231100] loop: module loaded
[   15.266026] scsi host0: ata_piix
[   15.379959] scsi host1: ata_piix
[   15.406138] ata1: PATA max UDMA/33 cmd 0x1f0 ctl 0x3f6 bmdma 0xd000 irq 14
[   15.457470] ata2: PATA max UDMA/33 cmd 0x170 ctl 0x376 bmdma 0xd008 irq 15
[   15.614775] libphy: Fixed MDIO Bus: probed
[   15.751425] tun: Universal TUN/TAP device driver, 1.6
[   15.789041] tun: (C) 1999-2004 Max Krasnyansky <maxk@qualcomm.com>
[   15.902252] isapnp: No Plug & Play device found
[   15.939235] PPP generic driver version 2.4.2
[   15.971661] ehci_hcd: USB 2.0 'Enhanced' Host Controller (EHCI) Driver
[   16.014820] ehci-pci: EHCI PCI platform driver
[   16.049072] ehci-platform: EHCI generic platform driver
[   16.087472] ohci_hcd: USB 1.1 'Open' Host Controller (OHCI) Driver
[   16.131433] ohci-pci: OHCI PCI platform driver
[   16.164554] ohci-platform: OHCI generic platform driver
[   16.201787] uhci_hcd: USB Universal Host Controller Interface driver
[   16.244658] i8042: PNP: PS/2 Controller [PNP0303:PS2K,PNP0f03:PS2M] at 0x60,0x64 irq 1,12
[   16.320317] serio: i8042 KBD port at 0x60,0x64 irq 1
[   16.356347] serio: i8042 AUX port at 0x60,0x64 irq 12
[   16.391936] mousedev: PS/2 mouse device common for all mice
[   16.434613] input: AT Translated Set 2 keyboard as /devices/platform/i8042/serio0/input/input2
[   16.502915] rtc_cmos rtc_cmos: rtc core: registered rtc_cmos as rtc0
[   16.553828] rtc_cmos rtc_cmos: alarms up to one day, 114 bytes nvram
[   16.604712] i2c /dev entries driver
[   16.632656] device-mapper: uevent: version 1.0.3
[   16.664912] device-mapper: ioctl: 4.34.0-ioctl (2015-10-28) initialised: dm-devel@redhat.com
[   16.726155] platform eisa.0: Probing EISA bus 0
[   16.761209] platform eisa.0: EISA: Cannot allocate resource for mainboard
[   16.805446] platform eisa.0: Cannot allocate resource for EISA slot 1
[   16.850647] platform eisa.0: Cannot allocate resource for EISA slot 2
[   16.893754] platform eisa.0: Cannot allocate resource for EISA slot 3
[   16.935401] platform eisa.0: Cannot allocate resource for EISA slot 4
[   16.977683] platform eisa.0: Cannot allocate resource for EISA slot 5
[   17.020297] platform eisa.0: Cannot allocate resource for EISA slot 6
[   17.068958] platform eisa.0: Cannot allocate resource for EISA slot 7
[   17.111441] platform eisa.0: Cannot allocate resource for EISA slot 8
[   17.154553] platform eisa.0: EISA: Detected 0 cards
[   17.191284] cpufreq-nforce2: No nForce2 chipset.
[   17.224753] ledtrig-cpu: registered to indicate activity on CPUs
[   17.269915] NET: Registered protocol family 10
[   17.303522] NET: Registered protocol family 17
[   17.337704] Key type dns_resolver registered
[   17.370268] Using IPI No-Shortcut mode
[   17.401320] registered taskstats version 1
[   17.431568] Loading compiled-in X.509 certificates
[   17.471316] Loaded X.509 cert 'Build time autogenerated kernel key: 876c4c9a03a76d06edb67cce6a764c2371c2bba3'
[   17.544908] zswap: loaded using pool lzo/zbud
[   17.588549] Key type trusted registered
[   17.632015] Key type encrypted registered
[   17.665359] AppArmor: AppArmor sha1 policy hashing enabled
[   17.710605] ima: No TPM chip found, activating TPM-bypass!
[   17.754065] ima: Allocated hash algorithm: sha1
[   17.787444] evm: HMAC attrs: 0x1
[   17.823994]   Magic number: 3:480:343
[   17.854448] tty tty60: hash matches
[   17.885188] rtc_cmos rtc_cmos: setting system clock to 2019-01-03 19:18:44 UTC (1546543124)
[   17.946852] BIOS EDD facility v0.16 2004-Jun-25, 0 devices found
[   17.989881] EDD information not available.
[   18.037551] Freeing unused kernel memory: 952K
[   18.080796] Write protecting the kernel text: 8044k
[   18.115515] Write protecting the kernel read-only data: 3184k
[   18.155717] NX-protecting the kernel data: 6292k
Loading, please wait...
starting version 229
[   18.239558] random: udevadm: uninitialized urandom read (16 bytes read, 5 bits of entropy available)
[   18.306656] random: systemd-udevd: uninitialized urandom read (16 bytes read, 5 bits of entropy available)
[   18.416382] random: systemd-udevd: uninitialized urandom read (16 bytes read, 5 bits of entropy available)
[   18.547500] random: udevadm: uninitialized urandom read (16 bytes read, 5 bits of entropy available)
[   18.617099] random: systemd-udevd: uninitialized urandom read (16 bytes read, 5 bits of entropy available)
[   19.042928] random: udevadm: uninitialized urandom read (16 bytes read, 5 bits of entropy available)
[   19.108717] random: udevadm: uninitialized urandom read (16 bytes read, 5 bits of entropy available)
[   19.175746] random: udevadm: uninitialized urandom read (16 bytes read, 5 bits of entropy available)
[   19.243525] random: udevadm: uninitialized urandom read (16 bytes read, 5 bits of entropy available)
[   19.308751] random: udevadm: uninitialized urandom read (16 bytes read, 5 bits of entropy available)
[   19.568623] Fusion MPT base driver 3.04.20
[   19.602314] Copyright (c) 1999-2008 LSI Corporation
[   19.658083] e1000: Intel(R) PRO/1000 Network Driver - version 7.3.21-k8-NAPI
[   19.707358] e1000: Copyright (c) 1999-2006 Intel Corporation.
[   19.973111] Fusion MPT SPI Host driver 3.04.20
[   20.216310] input: ImExPS/2 Generic Explorer Mouse as /devices/platform/i8042/serio1/input/input4
[   22.956541] e1000 0000:00:03.0 eth0: (PCI:33MHz:32-bit) 02:d4:45:2a:49:3f
[   23.004409] e1000 0000:00:03.0 eth0: Intel(R) PRO/1000 Network Connection
[   23.062187] mptbase: ioc0: Initiating bringup
[   23.173965] ioc0: LSI53C1030 A0: Capabilities={Initiator}
[   23.489284] scsi host2: ioc0: LSI53C1030 A0, FwRev=00000000h, Ports=1, MaxQ=256, IRQ=20
[   23.706292] scsi 2:0:0:0: Direct-Access     VBOX     HARDDISK         1.0  PQ: 0 ANSI: 5
[   23.795761] scsi target2:0:0: Beginning Domain Validation
[   23.921130] scsi target2:0:0: Domain Validation skipping write tests
[   23.962164] scsi target2:0:0: Ending Domain Validation
[   24.074956] scsi target2:0:0: asynchronous
[   24.239029] scsi 2:0:1:0: Direct-Access     VBOX     HARDDISK         1.0  PQ: 0 ANSI: 5
[   24.371655] scsi target2:0:1: Beginning Domain Validation
[   24.800087] scsi target2:0:1: Domain Validation skipping write tests
[   24.843269] scsi target2:0:1: Ending Domain Validation
[   24.960870] scsi target2:0:1: asynchronous
[   25.681383] sd 2:0:0:0: Attached scsi generic sg0 type 0
[   25.724699] sd 2:0:0:0: [sda] 20971520 512-byte logical blocks: (10.7 GB/10.0 GiB)
[   25.826841] sd 2:0:1:0: [sdb] 20480 512-byte logical blocks: (10.5 MB/10.0 MiB)
[   25.881318] sd 2:0:1:0: Attached scsi generic sg1 type 0
[   25.960951] sd 2:0:0:0: [sda] Write Protect is off
[   26.033123] sd 2:0:0:0: [sda] Incomplete mode parameter data
[   26.071768] sd 2:0:0:0: [sda] Assuming drive cache: write through
[   26.111367] sd 2:0:1:0: [sdb] Write Protect is off
[   26.225324] sd 2:0:1:0: [sdb] Incomplete mode parameter data
[   26.265008] sd 2:0:1:0: [sdb] Assuming drive cache: write through
[   26.399542]  sda: sda1
[   26.469822] sd 2:0:0:0: [sda] Attached SCSI disk
[   26.544328] sd 2:0:1:0: [sdb] Attached SCSI disk
[   27.866440] e1000 0000:00:08.0 eth1: (PCI:33MHz:32-bit) 08:00:27:68:61:5f
[   27.922699] e1000 0000:00:08.0 eth1: Intel(R) PRO/1000 Network Connection
[   27.997338] e1000 0000:00:08.0 enp0s8: renamed from eth1
[   28.042255] e1000 0000:00:03.0 enp0s3: renamed from eth0
Begin: Loading essential drivers ... [   39.399056] md: linear personality registered for level -1
[   39.450016] md: multipath personality registered for level -4
[   39.508823] md: raid0 personality registered for level 0
[   39.568671] md: raid1 personality registered for level 1
[   39.692207] raid6: mmxx1    gen()  2572 MB/s
[   39.792249] raid6: mmxx2    gen()  2708 MB/s
[   39.892266] raid6: sse1x1   gen()  2030 MB/s
[   39.991775] raid6: sse1x2   gen()  2645 MB/s
[   40.091766] raid6: sse2x1   gen()  3712 MB/s
[   40.192290] raid6: sse2x1   xor()  3493 MB/s
[   40.292317] raid6: sse2x2   gen()  5028 MB/s
[   40.395784] raid6: sse2x2   xor()  2126 MB/s
[   40.430484] raid6: using algorithm sse2x2 gen() 5028 MB/s
[   40.468802] raid6: .... xor() 2126 MB/s, rmw enabled
[   40.506450] raid6: using ssse3x1 recovery algorithm
[   40.565327] xor: automatically using best checksumming function:
[   40.651828]    avx       : 12098.000 MB/sec
[   40.690753] async_tx: api initialized (async)
[   40.785426] md: raid6 personality registered for level 6
[   40.822981] md: raid5 personality registered for level 5
[   40.860564] md: raid4 personality registered for level 4
[   40.920860] md: raid10 personality registered for level 10
done.
Begin: Running /scripts/init-premount ... done.
Begin: Mounting root file system ... Begin: Running /scripts/local-top ... done.
Begin: Running /scripts/local-premount ... [   41.204009] Btrfs loaded
Scanning for Btrfs filesystems
done.
[   41.396102] random: nonblocking pool is initialized
Warning: fsck not present, so skipping root file system
[   41.527555] EXT4-fs (sda1): INFO: recovery required on readonly filesystem
[   41.608781] EXT4-fs (sda1): write access will be enabled during recovery
[   41.874623] EXT4-fs (sda1): orphan cleanup on readonly fs
[   41.911599] EXT4-fs (sda1): 6 orphan inodes deleted
[   41.946722] EXT4-fs (sda1): recovery complete
[   41.984936] EXT4-fs (sda1): mounted filesystem with ordered data mode. Opts: (null)
done.
Begin: Running /scripts/local-bottom ... done.
Begin: Running /scripts/init-bottom ... done.
[   42.554148] systemd[1]: systemd 229 running in system mode. (+PAM +AUDIT +SELINUX +IMA +APPARMOR +SMACK +SYSVINIT +UTMP +LIBCRYPTSETUP +GCRYPT +GNUTLS +ACL +XZ -LZ4 +SECCOMP +BLKID +ELFUTILS +KMOD -IDN)
[   42.686685] systemd[1]: Detected virtualization oracle.
[   42.751358] systemd[1]: Detected architecture x86.

Welcome to [1mUbuntu 16.04.5 LTS[0m!

[   42.862416] systemd[1]: Set hostname to <kouosl>.
[   43.453532] systemd[1]: Reached target Swap.
[[0;32m  OK  [0m] Reached target Swap.
[   43.527843] systemd[1]: Created slice User and Session Slice.
[[0;32m  OK  [0m] Created slice User and Session Slice.
[   43.615511] systemd[1]: Started Forward Password Requests to Wall Directory Watch.
[[0;32m  OK  [0m] Started Forward Password Requests to Wall Directory Watch.
[   43.727690] systemd[1]: Listening on Journal Socket (/dev/log).
[[0;32m  OK  [0m] Listening on Journal Socket (/dev/log).
[   43.827337] systemd[1]: Listening on udev Kernel Socket.
[[0;32m  OK  [0m] Listening on udev Kernel Socket.
[   43.927607] systemd[1]: Reached target System Time Synchronized.
[[0;32m  OK  [0m] Reached target System Time Synchronized.
[   44.031630] systemd[1]: Created slice System Slice.
[[0;32m  OK  [0m] Created slice System Slice.
[   44.115108] systemd[1]: Created slice system-serial\x2dgetty.slice.
[[0;32m  OK  [0m] Created slice system-serial\x2dgetty.slice.
[   44.210752] systemd[1]: Reached target Slices.
[[0;32m  OK  [0m] Reached target Slices.
[   44.289378] systemd[1]: Set up automount Arbitrary Executable File Formats File System Automount Point.
[[0;32m  OK  [0m] Set up automount Arbitrary Executab...ats File System Automount Point.
[   44.413753] systemd[1]: Listening on Journal Audit Socket.
[[0;32m  OK  [0m] Listening on Journal Audit Socket.
[   44.501750] systemd[1]: Listening on LVM2 metadata daemon socket.
[[0;32m  OK  [0m] Listening on LVM2 metadata daemon socket.
[   44.595314] systemd[1]: Listening on /dev/initctl Compatibility Named Pipe.
[[0;32m  OK  [0m] Listening on /dev/initctl Compatibility Named Pipe.
[   44.699654] systemd[1]: Listening on udev Control Socket.
[[0;32m  OK  [0m] Listening on udev Control Socket.
[   44.785692] systemd[1]: Reached target Encrypted Volumes.
[[0;32m  OK  [0m] Reached target Encrypted Volumes.
[   44.870720] systemd[1]: Listening on Journal Socket.
[[0;32m  OK  [0m] Listening on Journal Socket.
[   44.962954] systemd[1]: Mounting Debug File System...
         Mounting Debug File System...
[   45.079408] systemd[1]: Starting Create list of required static device nodes for the current kernel...
         Starting Create list of required st... nodes for the current kernel...
[   45.209530] systemd[1]: Starting Remount Root and Kernel File Systems...
[   45.276537] EXT4-fs (sda1): re-mounted. Opts: (null)
         Starting Remount Root and Kernel File Systems...
[   45.343377] systemd[1]: Mounting POSIX Message Queue File System...
         Mounting POSIX Message Queue File System...
[   45.440845] systemd[1]: Mounting Huge Pages File System...
         Mounting Huge Pages File System...
[   45.522810] systemd[1]: Starting Set console keymap...
         Starting Set console keymap...
[   45.628997] systemd[1]: Starting Uncomplicated firewall...
         Starting Uncomplicated firewall...
[   45.751478] systemd[1]: Starting Load Kernel Modules...
         Starting Load Kernel Modules...
[   45.865413] systemd[1]: Listening on Device-mapper event daemon FIFOs.
[   45.909526] Loading iSCSI transport class v2.0-870.
[[0;32m  OK  [0m[   45.992282] iscsi: registered transport (tcp)
] Listening on Device-mapper event daemon FIFOs.
[   46.059533] systemd[1]: Reached target User and Group Name Lookups.
[[0;32m  OK  [0m] Reached target User and Group Name Lookups.
[   46.203001] systemd[1]: Listening on LVM2 poll daemon socket.
[[0;32m  OK  [0m] Listening on LVM2 poll daemon socket.
[   46.342581] systemd[1]: Starting Monitoring of LVM2 mirrors, snapshots etc. using dmeventd or progress polling...
         Starting Monitoring of LVM2 mirrors... dmeventd or progress polling...[   46.493594] iscsi: registered transport (iser)

[   46.537020] systemd[1]: Listening on Syslog Socket.
[[0;32m  OK  [0m] Listening on Syslog Socket.
[   46.635058] systemd[1]: Starting Journal Service...
         Starting Journal Service...
[   46.730213] systemd[1]: Started Trigger resolvconf update for networkd DNS.
[[0;32m  OK  [0m] Started Trigger resolvconf update for networkd DNS.
[   46.905052] systemd[1]: Starting Nameserver information manager...
         Starting Nameserver information manager...
[   46.999211] systemd[1]: Mounted Debug File System.
[[0;32m  OK  [0m] Mounted Debug File System.
[   47.082277] systemd[1]: Mounted Huge Pages File System.
[[0;32m  OK  [0m] Mounted Huge Pages File System.
[   47.185580] systemd[1]: Mounted POSIX Message Queue File System.
[[0;32m  OK  [0m] Mounted POSIX Message Queue File System.
[   47.279582] systemd[1]: Started Journal Service.
[[0;32m  OK  [0m] Started Journal Service.
[[0;32m  OK  [0m] Started Create list of required sta...ce nodes for the current kernel.
[[0;32m  OK  [0m] Started Remount Root and Kernel File Systems.
[[0;32m  OK  [0m] Started Set console keymap.
[[0;32m  OK  [0m] Started Uncomplicated firewall.
[[0;32m  OK  [0m] Started Load Kernel Modules.
[[0;32m  OK  [0m] Started Nameserver information manager.
[[0;32m  OK  [0m] Started LVM2 metadata daemon.
         Starting Apply Kernel Variables...
         Mounting FUSE Control File System...
         Starting udev Coldplug all Devices...
         Starting Load/Save Random Seed...
         Starting Create Static Device Nodes in /dev...
         Starting Flush Journal to Persistent Storage...
[[0;32m  OK  [0m] Mounted FUSE Control File System.
[[0;32m  OK  [0m] Started Monitoring of LVM2 mirrors,...ng dmeventd or progress polling.
[[0;32m  OK  [0m] Started Apply Kernel Variables.
[[0;32m  OK  [0m] Started Load/Save Random Seed.
[[0;32m  OK  [0m] Started Create Static Device Nodes in /dev.
[[0;32m  OK  [0m] Started udev Coldplug all Devices.
[[0;32m  OK  [0m] Started Flush Journal to Persistent Storage.
         Starting udev Kernel Device Manager...
[[0;32m  OK  [0m] Reached target Local File Systems (Pre).
[[0;32m  OK  [0m] Reached target Local File Systems.
         Starting Create Volatile Files and Directories...
         Starting Tell Plymouth To Write Out Runtime Data...
         Starting LSB: AppArmor initialization...
         Starting Set console font and keymap...
         Starting Initial cloud-init job (pre-networking)...
[[0;32m  OK  [0m] Started udev Kernel Device Manager.
[[0;32m  OK  [0m] Started Create Volatile Files and Directories.
[[0;32m  OK  [0m] Started Tell Plymouth To Write Out Runtime Data.
         Starting Update UTMP about System Boot/Shutdown...
[[0;32m  OK  [0m] Started Dispatch Password Requests to Console Directory Watch.
[   45.685712] [[0;32m  OK  [0m] cloud-initStarted LSB: AppArmor initialization.[492]: 
Cloud-init v. 18.4-0ubuntu1~16.04.2 running 'init-local' at Thu, 03 Jan 2019 19:19:20 +0000. Up 44.11 seconds.
[[0;32m  OK  [0m] Started Initial cloud-init job (pre-networking).
[[0;32m  OK  [0m] Started Update UTMP about System Boot/Shutdown.
[[0;32m  OK  [0m] Found device /dev/ttyS0.
[[0;32m  OK  [0m] Listening on Load/Save RF Kill Switch Status /dev/rfkill Watch.
[[0;32m  OK  [0m] Reached target Network (Pre).
[[0;32m  OK  [0m] Started ifup for enp0s8.
[[0;32m  OK  [0m] Started ifup for enp0s3.
         Starting Raise network interfaces...
[[0;32m  OK  [0m] Started Set console font and keymap.
[[0;32m  OK  [0m] Created slice system-getty.slice.
[[0;32m  OK  [0m] Started Raise network interfaces.
[[0;32m  OK  [0m] Reached target Network.
         Starting Initial cloud-init job (metadata service crawler)...
[   75.210909] cloud-init[1057]: Cloud-init v. 18.4-0ubuntu1~16.04.2 running 'init' at Thu, 03 Jan 2019 19:19:51 +0000. Up 74.58 seconds.
[   75.344881] [cloud-init[0;32m  OK  [0m[1057]: ] ci-info: ++++++++++++++++++++++++++++++++++++++Net device info+++++++++++++++++++++++++++++++++++++++Started Initial cloud-init job (metadata service crawler).

[[   75.476809] [0;32m  OK  [0mcloud-init] Reached target Cloud-config availability.[1057]: ci-info: +--------+------+-----------------------------+---------------+--------+-------------------+
[[0;32m  OK  [0m] Reached target System Initialization.
[   75.598831] 
         cloud-init[1057]: Starting LXD - unix socket.ci-info: | Device |  Up  |           Address           |      Mask     | Scope  |     Hw-Address    |
[[0;32m  OK  [0m] Listening on ACPID Listen Socket.

[   75.717017] cloud-init[1057]: [ci-info: +--------+------+-----------------------------+---------------+--------+-------------------+[0;32m  OK  [0m] Started ACPI Events Check.
[[0;32m  OK  [0m
] [   75.840766] Reached target Paths.cloud-init[1057]: 
ci-info: | enp0s3 | True |          10.0.2.15          | 255.255.255.0 | global | 02:d4:45:2a:49:3f |[[0;32m  OK  [0m] Started Daily Cleanup of Temporary Directories.

[   75.966499] cloud-init[[1057]: [0;32m  OK  [0mci-info: | enp0s3 | True |  fe80::d4:45ff:fe2a:493f/64 |       .       |  link  | 02:d4:45:2a:49:3f |] Started Daily apt download activities.
[[0;32m  OK  [0m
] [   76.073012] Started Daily apt upgrade and clean activities.
[[0;32m  OK  [0m] Listening on D-Bus System Message Bus Socket.
[[0;32m  OK  [0m] Listening on UUID daemon activation socket.
         Starting Socket activation for snappy daemon.
[[0;32m  OK  [0m] Reached target Timers.
[[0;32m  OK  [0m] Reached target Network is Online.
         Starting iSCSI initiator daemon (iscsid)...
cloud-init[1057]: ci-info: | enp0s8 | True |        192.168.83.137       | 255.255.255.0 | global | 08:00:27:68:61:5f |
[   76.252559] cloud-init[1057]: ci-info: | enp0s8 | True | fe80::a00:27ff:fe68:615f/64 |       .       |  link  | 08:00:27:68:61:5f |
[[   76.322949] [0;32m  OK  [0mcloud-init] Listening on LXD - unix socket.[1057]: ci-info: |   lo   | True |          127.0.0.1          |   255.0.0.0   |  host  |         .         |
[[0;32m  OK  [0m] Listening on Socket activation for snappy daemon.
[   76.465963] 
cloud-init[1057]: ci-info: |   lo   | True |           ::1/128           |       .       |  host  |         .         |[[0;32m  OK  [0m] Reached target Sockets.

[[0;32m  OK  [0m[   76.603020] ] Reached target Basic System.cloud-init[1057]: 
[ci-info: +--------+------+-----------------------------+---------------+--------+-------------------+[0;32m  OK  [0m] Started ACPI event daemon.
         
Starting LXD - container startup/shutdown...[   76.756467] cloud-init
         [1057]: Starting /etc/rc.local Compatibility...
ci-info: ++++++++++++++++++++++++++++Route IPv4 info++++++++++++++++++++++++++++[[0;32m  OK  [0m
] Started D-Bus System Message Bus.[   76.931007] 
cloud-init[1057]: ci-info: +-------+--------------+----------+---------------+-----------+-------+
[   77.030553]          cloud-initStarting Snappy daemon...[1057]: 
ci-info: | Route | Destination  | Gateway  |    Genmask    | Interface | Flags |[[0;32m  OK  [0m] Started Regular background program processing daemon.

         [   77.217474] Starting Virtualbox guest utils...
         Starting LSB: MD monitoring daemon...
[[0;32m  OK  [0mcloud-init] Started Unattended Upgrades Shutdown.[1057]: ci-info: +-------+--------------+----------+---------------+-----------+-------+
         Starting System Logging Service...

         Starting LSB: Record successful boot for GRUB...[   77.518629] 
         Starting Accounts Service...
[[0;32m  OK  [0m] Started FUSE filesystem for LXC.
cloud-init         Starting Login Service...
[[0;32m  OK  [0m] Started Deferred execution scheduler.
[1057]:          Starting OpenBSD Secure Shell server...
[ci-info: |   0   |   0.0.0.0    | 10.0.2.2 |    0.0.0.0    |   enp0s3  |   UG  |[0;32m  OK  [0m] Started System Logging Service.
[[0;32m  OK  [0m] Started iSCSI initiator daemon (iscsid).
[[0;32m  OK  [0m] Started LXD - container startup/shutdown.

[[0;32m  OK  [0m[   78.118781] ] Started /etc/rc.local Compatibility.cloud-init
[1057]: ci-info: |   1   |   10.0.2.0   | 0.0.0.0  | 255.255.255.0 |   enp0s3  |   U   |
[[   78.349151] [0;32m  OK  [0m] Started OpenBSD Secure Shell server.cloud-init[1057]: 
ci-info: |   2   | 192.168.83.0 | 0.0.0.0  | 255.255.255.0 |   enp0s8  |   U   |[[0;32m  OK  [0m] 
Started Snappy daemon.
[   78.582132] cloud-init[[1057]: [0;32m  OK  [0mci-info: +-------+--------------+----------+---------------+-----------+-------+] Started LSB: MD monitoring daemon.

[   78.760650] cloud-init         Starting Authenticate and Authorize Users to Run Privileged Tasks...[1057]: 
         ci-info: +++++++++++++++++++Route IPv6 info+++++++++++++++++++Starting Wait until snapd is fully seeded...
         Starting Login to default iSCSI targets...
[[0;32m  OK  [0m] Started LSB: Record successful boot for GRUB.
[[0;32m  OK  [0m
] Started Login Service.
[   79.279448] [[0;32m  OK  [0m] cloud-initStarted Authenticate and Authorize Users to Run Privileged Tasks.
[[0;32m  OK  [0m] Started Accounts Service.[1057]: 
ci-info: +-------+-------------+---------+-----------+-------+[[0;32m  OK  [0m] Started Wait until snapd is fully seeded.
         Starting Apply the settings specified in cloud-config...

[[0;32m  OK  [0m[   79.704541] ] Started Virtualbox guest utils.
cloud-init[1057]: [[0;32m  OK  [0m] Started Login to default iSCSI targets.ci-info: | Route | Destination | Gateway | Interface | Flags |
[[0;32m  OK  [0m] Reached target Remote File Systems (Pre).
[
[0;32m  OK  [0m] Reached target Remote File Systems.[   80.247922] 
         Starting LSB: Start and stop the mysql database server daemon...
cloud-init         Starting Permit User Sessions...
[1057]:          Starting LSB: daemon to balance interrupts for SMP systems...ci-info: +-------+-------------+---------+-----------+-------+
         Starting LSB: automatic crash report generation...
         Starting LSB: Set the CPU Frequency Scaling governor to "ondemand"...
         Starting LSB: Apache2 web server...
[[0;32m  OK  [0m] Started Permit User Sessions.

         Starting Terminate Plymouth Boot Screen...
[   81.037959]          Starting Hold until boot process finishes up...
[[0;32m  OK  [0m] Started Terminate Plymouth Boot Screen.cloud-init
[[0;32m  OK  [0m] Started LSB: automatic crash report generation.[1057]: 
[[0;32m  OK  [0m] ci-info: |   0   |  fe80::/64  |    ::   |   enp0s8  |   U   |Started LSB: daemon to balance interrupts for SMP systems.
[[0;32m  OK  [0m] Started Hold until boot process finishes up.
[[0;32m  OK  [0m
] Started LSB: Set the CPU Frequency Scaling governor to "ondemand".[   81.732548] 
[cloud-init[0;32m  OK  [0m] Created slice User Slice of vagrant.
[[0;32m  OK  [0m[1057]: ] Started Session 1 of user vagrant.
ci-info: |   1   |  fe80::/64  |    ::   |   enp0s3  |   U   |         Starting User Manager for UID 1000...
[[0;32m  OK  [0m] Started Getty on tty1.
[[0;32m  OK  [0m] Started Serial Getty on ttyS0.

[[0;32m  OK  [0m] Reached target Login Prompts.[   82.281212] 
         Starting Set console scheme...
[[0;32m  OK  [0m] Started User Manager for UID 1000.cloud-init
[[0;32m  OK  [0m[1057]: ] Started Set console scheme.
ci-info: |   6   |   ff00::/8  |    ::   |   enp0s8  |   U   |
[   82.869638] cloud-init[1057]: ci-info: |   7   |   ff00::/8  |    ::   |   enp0s3  |   U   |
[   83.381943] cloud-init[1057]: ci-info: +-------+-------------+---------+-----------+-------+
[[0;32m  OK  [0m] Started LSB: Apache2 web server.
[[0;32m  OK  [0m] Started LSB: Start and stop the mysql database server daemon.
[[0;32m  OK  [0m] Reached target Multi-User System.
[[0;32m  OK  [0m] Reached target Graphical Interface.
         Starting Update UTMP about System Runlevel Changes...
[   88.248567] cloud-init[1241]: Cloud-init v. 18.4-0ubuntu1~16.04.2 running 'modules:config' at Thu, 03 Jan 2019 19:20:03 +0000. Up 86.68 seconds.

Ubuntu 16.04.5 LTS kouosl ttyS0

kouosl login: [   91.001318] cloud-init[1895]: Cloud-init v. 18.4-0ubuntu1~16.04.2 running 'modules:final' at Thu, 03 Jan 2019 19:20:07 +0000. Up 90.57 seconds.
[   91.143171] cloud-init[1895]: Cloud-init v. 18.4-0ubuntu1~16.04.2 finished at Thu, 03 Jan 2019 19:20:07 +0000. Datasource DataSourceNoCloud [seed=/dev/sdb][dsmode=net].  Up 90.96 seconds
